{"/Users/wizard/Work/actions/deploy-script/src/action.ts": {"path":"/Users/wizard/Work/actions/deploy-script/src/action.ts","statementMap":{"0":{"start":{"line":5,"column":0},"end":{"line":5,"column":22}},"1":{"start":{"line":1,"column":0},"end":{"line":1,"column":38}},"2":{"start":{"line":2,"column":0},"end":{"line":2,"column":34}},"3":{"start":{"line":3,"column":0},"end":{"line":3,"column":33}},"4":{"start":{"line":6,"column":2},"end":{"line":21,"column":3}},"5":{"start":{"line":8,"column":21},"end":{"line":8,"column":67}},"6":{"start":{"line":9,"column":22},"end":{"line":9,"column":69}},"7":{"start":{"line":11,"column":19},"end":{"line":11,"column":73}},"8":{"start":{"line":13,"column":22},"end":{"line":13,"column":63}},"9":{"start":{"line":15,"column":24},"end":{"line":15,"column":75}},"10":{"start":{"line":17,"column":4},"end":{"line":17,"column":60}},"11":{"start":{"line":19,"column":4},"end":{"line":19,"column":34}},"12":{"start":{"line":20,"column":4},"end":{"line":20,"column":45}}},"fnMap":{"0":{"name":"run","decl":{"start":{"line":5,"column":22},"end":{"line":5,"column":25}},"loc":{"start":{"line":5,"column":25},"end":{"line":22,"column":null}}}},"branchMap":{},"s":{"0":1,"1":1,"2":1,"3":1,"4":5,"5":5,"6":4,"7":4,"8":4,"9":3,"10":2,"11":4,"12":4},"f":{"0":5},"b":{}}
,"/Users/wizard/Work/actions/deploy-script/src/bunny.ts": {"path":"/Users/wizard/Work/actions/deploy-script/src/bunny.ts","statementMap":{"0":{"start":{"line":6,"column":21},"end":{"line":6,"column":95}},"1":{"start":{"line":6,"column":69},"end":{"line":6,"column":94}},"2":{"start":{"line":49,"column":2},"end":{"line":49,"column":14}},"3":{"start":{"line":8,"column":21},"end":{"line":44,"column":null}},"4":{"start":{"line":8,"column":46},"end":{"line":44,"column":null}},"5":{"start":{"line":8,"column":87},"end":{"line":44,"column":null}},"6":{"start":{"line":9,"column":24},"end":{"line":9,"column":72}},"7":{"start":{"line":10,"column":19},"end":{"line":18,"column":4}},"8":{"start":{"line":20,"column":2},"end":{"line":24,"column":3}},"9":{"start":{"line":21,"column":4},"end":{"line":21,"column":69}},"10":{"start":{"line":22,"column":4},"end":{"line":22,"column":41}},"11":{"start":{"line":23,"column":4},"end":{"line":23,"column":24}},"12":{"start":{"line":26,"column":27},"end":{"line":26,"column":78}},"13":{"start":{"line":28,"column":26},"end":{"line":35,"column":4}},"14":{"start":{"line":37,"column":2},"end":{"line":41,"column":3}},"15":{"start":{"line":38,"column":4},"end":{"line":38,"column":70}},"16":{"start":{"line":39,"column":4},"end":{"line":39,"column":41}},"17":{"start":{"line":40,"column":4},"end":{"line":40,"column":24}},"18":{"start":{"line":43,"column":2},"end":{"line":43,"column":59}},"19":{"start":{"line":48,"column":2},"end":{"line":48,"column":14}}},"fnMap":{"0":{"name":"(anonymous_7)","decl":{"start":{"line":6,"column":21},"end":{"line":6,"column":22}},"loc":{"start":{"line":6,"column":66},"end":{"line":6,"column":95}}},"1":{"name":"(anonymous_8)","decl":{"start":{"line":8,"column":21},"end":{"line":8,"column":22}},"loc":{"start":{"line":8,"column":46},"end":{"line":44,"column":null}}},"2":{"name":"(anonymous_9)","decl":{"start":{"line":8,"column":46},"end":{"line":8,"column":53}},"loc":{"start":{"line":8,"column":87},"end":{"line":44,"column":null}}},"3":{"name":"(anonymous_10)","decl":{"start":{"line":8,"column":87},"end":{"line":8,"column":null}},"loc":{"start":{"line":8,"column":87},"end":{"line":44,"column":1}}}},"branchMap":{"0":{"loc":{"start":{"line":20,"column":2},"end":{"line":24,"column":3}},"type":"if","locations":[{"start":{"line":20,"column":2},"end":{"line":24,"column":3}}]},"1":{"loc":{"start":{"line":37,"column":2},"end":{"line":41,"column":3}},"type":"if","locations":[{"start":{"line":37,"column":2},"end":{"line":41,"column":3}}]}},"s":{"0":1,"1":0,"2":1,"3":1,"4":0,"5":0,"6":0,"7":0,"8":0,"9":0,"10":0,"11":0,"12":0,"13":0,"14":0,"15":0,"16":0,"17":0,"18":0,"19":1},"f":{"0":0,"1":0,"2":0,"3":0},"b":{"0":[0],"1":[0]}}
}
