TN:
SF:src/action.ts
FN:5,run
FNF:1
FNH:1
FNDA:5,run
DA:1,1
DA:2,1
DA:3,1
DA:5,1
DA:6,5
DA:8,5
DA:9,4
DA:11,4
DA:13,4
DA:15,3
DA:17,2
DA:19,4
DA:20,4
LF:13
LH:13
BRF:0
BRH:0
end_of_record
TN:
SF:src/bunny.ts
FN:6,(anonymous_7)
FN:8,(anonymous_8)
FN:8,(anonymous_9)
FN:8,(anonymous_10)
FNF:4
FNH:0
FNDA:0,(anonymous_7)
FNDA:0,(anonymous_8)
FNDA:0,(anonymous_9)
FNDA:0,(anonymous_10)
DA:6,1
DA:8,1
DA:9,0
DA:10,0
DA:20,0
DA:21,0
DA:22,0
DA:23,0
DA:26,0
DA:28,0
DA:37,0
DA:38,0
DA:39,0
DA:40,0
DA:43,0
DA:48,1
DA:49,1
LF:17
LH:4
BRDA:20,0,0,0
BRDA:37,1,0,0
BRF:2
BRH:0
end_of_record
